Using pre-set license
Built from '2020.3/staging' branch; Version is '2020.3.0f1 (c7b5465681fb) revision 13088070'; Using compiler version '192528614'; Build Type 'Release'
OS: 'Windows 10 Home; OS build 19042.867; Version 2009; 64bit' Language: 'en' Physical Memory: 32556 MB
BatchMode: 1, IsHumanControllingUs: 0, StartBugReporterOnCrash: 0, Is64bit: 1, IsPro: 0

 COMMAND LINE ARGUMENTS:
C:\Program Files\Unity\Hub\Editor\2020.3.0f1\Editor\Unity.exe
-adb2
-batchMode
-noUpm
-name
AssetImportWorker0
-projectPath
C:/Users/Kush/Desktop/LeveldesignGame/UnityFolder/TurnbasedCommunicationGame_Assignment2_1882078/TurnBasedLevelDesign_assignment3_KushalSithlu_1882078
-logFile
Logs/AssetImportWorker0.log
-srvPort
62267
Successfully changed project path to: C:/Users/Kush/Desktop/LeveldesignGame/UnityFolder/TurnbasedCommunicationGame_Assignment2_1882078/TurnBasedLevelDesign_assignment3_KushalSithlu_1882078
C:/Users/Kush/Desktop/LeveldesignGame/UnityFolder/TurnbasedCommunicationGame_Assignment2_1882078/TurnBasedLevelDesign_assignment3_KushalSithlu_1882078
Using Asset Import Pipeline V2.
Refreshing native plugins compatible for Editor in 36.19 ms, found 1 plugins.
Preloading 0 native plugins for Editor in 0.00 ms.
Initialize engine version: 2020.3.0f1 (c7b5465681fb)
[Subsystems] Discovering subsystems at path C:/Program Files/Unity/Hub/Editor/2020.3.0f1/Editor/Data/Resources/UnitySubsystems
[Subsystems] Discovering subsystems at path C:/Users/Kush/Desktop/LeveldesignGame/UnityFolder/TurnbasedCommunicationGame_Assignment2_1882078/TurnBasedLevelDesign_assignment3_KushalSithlu_1882078/Assets
GfxDevice: creating device client; threaded=0
Direct3D:
    Version:  Direct3D 11.0 [level 11.1]
    Renderer: NVIDIA GeForce RTX 3060 Laptop GPU (ID=0x2520)
    Vendor:   
    VRAM:     6023 MB
    Driver:   27.21.14.6589
Initialize mono
Mono path[0] = 'C:/Program Files/Unity/Hub/Editor/2020.3.0f1/Editor/Data/Managed'
Mono path[1] = 'C:/Program Files/Unity/Hub/Editor/2020.3.0f1/Editor/Data/MonoBleedingEdge/lib/mono/unityjit'
Mono config path = 'C:/Program Files/Unity/Hub/Editor/2020.3.0f1/Editor/Data/MonoBleedingEdge/etc'
Using monoOptions --debugger-agent=transport=dt_socket,embedding=1,server=y,suspend=n,address=127.0.0.1:56028
Begin MonoManager ReloadAssembly
Registering precompiled unity dll's ...
Register platform support module: C:/Program Files/Unity/Hub/Editor/2020.3.0f1/Editor/Data/PlaybackEngines/WindowsStandaloneSupport/UnityEditor.WindowsStandalone.Extensions.dll
Registered in 0.001782 seconds.
Native extension for WindowsStandalone target not found
Refreshing native plugins compatible for Editor in 34.86 ms, found 1 plugins.
Preloading 0 native plugins for Editor in 0.00 ms.
Invoked RoslynAnalysisRunner static constructor.
RoslynAnalysisRunner will not be running.
RoslynAnalysisRunner has terminated.
Mono: successfully reloaded assembly
- Completed reload, in  1.571 seconds
Platform modules already initialized, skipping
Registering precompiled user dll's ...
Registered in 0.000941 seconds.
Begin MonoManager ReloadAssembly
Native extension for WindowsStandalone target not found
Refreshing native plugins compatible for Editor in 34.51 ms, found 1 plugins.
Preloading 0 native plugins for Editor in 0.00 ms.
Invoked RoslynAnalysisRunner static constructor.
RoslynAnalysisRunner will not be running.
RoslynAnalysisRunner has terminated.
Mono: successfully reloaded assembly
- Completed reload, in  0.908 seconds
Platform modules already initialized, skipping
========================================================================
Worker process is ready to serve import requests
Launched and connected shader compiler UnityShaderCompiler.exe after 0.06 seconds
Refreshing native plugins compatible for Editor in 0.31 ms, found 1 plugins.
Preloading 0 native plugins for Editor in 0.00 ms.
Unloading 1814 Unused Serialized files (Serialized files now loaded: 0)
System memory in use before: 86.1 MB.
System memory in use after: 86.2 MB.

Unloading 20 unused Assets to reduce memory usage. Loaded Objects now: 2263.
Total: 1.882400 ms (FindLiveObjects: 0.168400 ms CreateObjectMapping: 0.059200 ms MarkObjects: 1.588400 ms  DeleteObjects: 0.065400 ms)

========================================================================
Received Import Request.
  path: Assets/Scenes/Battle3.unity
  artifactKey: Guid(cbd897dbe74ef834c8d80fe61c1001e5) Importer(815301076,1909f56bfc062723c751e8b465ee728b)
Start importing Assets/Scenes/Battle3.unity using Guid(cbd897dbe74ef834c8d80fe61c1001e5) Importer(815301076,1909f56bfc062723c751e8b465ee728b)  -> (artifact id: 'f5b8a4370e1db28e46b150de0dd50573') in 0.010021 seconds
  Import took 0.012624 seconds .

========================================================================
Received Import Request.
  Time since last request: 0.000218 seconds.
  path: Assets/Scenes/Boss2.unity
  artifactKey: Guid(41daa263a17505f44bdbf594bac878ee) Importer(815301076,1909f56bfc062723c751e8b465ee728b)
Start importing Assets/Scenes/Boss2.unity using Guid(41daa263a17505f44bdbf594bac878ee) Importer(815301076,1909f56bfc062723c751e8b465ee728b)  -> (artifact id: '719f72fa0daaa5ea234e17b39b1cfbc6') in 0.002477 seconds
  Import took 0.004879 seconds .

========================================================================
Received Import Request.
  Time since last request: 0.000199 seconds.
  path: Assets/Scenes/Bossbattl1.unity
  artifactKey: Guid(2cda990e2423bbf4892e6590ba056729) Importer(815301076,1909f56bfc062723c751e8b465ee728b)
Start importing Assets/Scenes/Bossbattl1.unity using Guid(2cda990e2423bbf4892e6590ba056729) Importer(815301076,1909f56bfc062723c751e8b465ee728b)  -> (artifact id: '27641a418c5a03751327f9794d913c31') in 0.002264 seconds
  Import took 0.004761 seconds .

========================================================================
Received Import Request.
  Time since last request: 0.000183 seconds.
  path: Assets/Scenes/World.unity
  artifactKey: Guid(74cfb6abd6b68d442b2d377d8d44da89) Importer(815301076,1909f56bfc062723c751e8b465ee728b)
Start importing Assets/Scenes/World.unity using Guid(74cfb6abd6b68d442b2d377d8d44da89) Importer(815301076,1909f56bfc062723c751e8b465ee728b)  -> (artifact id: '85ad9f9e7f1ab47d82a66c153097e60d') in 0.002446 seconds
  Import took 0.004935 seconds .

========================================================================
Received Prepare
Refreshing native plugins compatible for Editor in 1.71 ms, found 1 plugins.
Preloading 0 native plugins for Editor in 0.00 ms.
Unloading 6 Unused Serialized files (Serialized files now loaded: 0)
System memory in use before: 49.1 MB.
System memory in use after: 49.2 MB.

Unloading 6 unused Assets to reduce memory usage. Loaded Objects now: 2263.
Total: 2.143500 ms (FindLiveObjects: 0.197900 ms CreateObjectMapping: 0.056300 ms MarkObjects: 1.852700 ms  DeleteObjects: 0.035900 ms)

